{"details":{"outputPath":"/tmp/test_export.xlsx"},"errorMessage":"Cannot read properties of undefined (reading 'processType')","eventType":"error_occurred","level":"error","message":"Excel export failed","service":"fiae","timestamp":"2025-12-16T14:35:22.698Z"}
{"details":{"outputPath":"/tmp/test_export.csv"},"eventType":"export_generated","level":"info","message":"CSV export created: /tmp/test_export.csv","service":"fiae","timestamp":"2025-12-16T14:35:22.736Z"}
{"details":{"outputPath":"/tmp/test_export.xlsx"},"errorMessage":"Cannot read properties of undefined (reading 'processType')","eventType":"error_occurred","level":"error","message":"Excel export failed","service":"fiae","timestamp":"2025-12-16T14:35:50.207Z"}
{"details":{"outputPath":"/tmp/test_export.csv"},"eventType":"export_generated","level":"info","message":"CSV export created: /tmp/test_export.csv","service":"fiae","timestamp":"2025-12-16T14:35:50.242Z"}
{"details":{"dpo":0,"dso":0,"netCash":1500,"runway":null,"totalInflows":1500,"totalOutflows":0},"eventType":"calculations_run","level":"info","message":"Calculated metrics","service":"fiae","timestamp":"2025-12-16T14:48:07.653Z"}
{"details":{"dpo":15,"dso":0,"netCash":-800,"runway":-0.5,"totalInflows":0,"totalOutflows":800},"eventType":"calculations_run","level":"info","message":"Calculated metrics","service":"fiae","timestamp":"2025-12-16T14:48:07.691Z"}
{"details":{"dpo":5,"dso":0,"netCash":800,"runway":0.11111111111111112,"totalInflows":2000,"totalOutflows":1200},"eventType":"calculations_run","level":"info","message":"Calculated metrics","service":"fiae","timestamp":"2025-12-16T14:48:07.694Z"}
{"details":{"dpo":0,"dso":0,"netCash":0,"runway":null,"totalInflows":0,"totalOutflows":0},"eventType":"calculations_run","level":"info","message":"Calculated metrics","service":"fiae","timestamp":"2025-12-16T14:48:07.696Z"}
{"details":{"dpo":0,"dso":0,"netCash":0,"runway":null,"totalInflows":0,"totalOutflows":0},"eventType":"calculations_run","level":"info","message":"Calculated metrics","service":"fiae","timestamp":"2025-12-16T14:48:07.718Z"}
{"details":{"dpo":0,"dso":0,"netCash":0,"runway":null,"totalInflows":0,"totalOutflows":0},"eventType":"calculations_run","level":"info","message":"Calculated metrics","service":"fiae","timestamp":"2025-12-16T14:48:07.720Z"}
{"details":{"filename":"test_financial_real.csv","format":"csv","rowCount":12,"sheetCount":1},"eventType":"file_ingested","level":"info","message":"Ingested file: test_financial_real.csv (CSV)","service":"fiae","timestamp":"2025-12-16T14:48:08.465Z"}
{"details":{"filename":"test_financial_real.csv","format":"csv","rowCount":12,"sheetCount":1},"eventType":"file_ingested","level":"info","message":"Ingested file: test_financial_real.csv (CSV)","service":"fiae","timestamp":"2025-12-16T14:48:08.483Z"}
{"details":{"filename":"test_financial_real.csv","format":"csv","rowCount":12,"sheetCount":1},"eventType":"file_ingested","level":"info","message":"Ingested file: test_financial_real.csv (CSV)","service":"fiae","timestamp":"2025-12-16T14:48:08.487Z"}
{"details":{"filename":"test_financial_real.csv","format":"csv","rowCount":12,"sheetCount":1},"eventType":"file_ingested","level":"info","message":"Ingested file: test_financial_real.csv (CSV)","service":"fiae","timestamp":"2025-12-16T14:48:08.491Z"}
{"details":{"filename":"test_financial_real.csv","format":"csv","rowCount":12,"sheetCount":1},"eventType":"file_ingested","level":"info","message":"Ingested file: test_financial_real.csv (CSV)","service":"fiae","timestamp":"2025-12-16T14:48:08.495Z"}
{"details":{"filename":"test_financial_real.csv","format":"csv","rowCount":12,"sheetCount":1},"eventType":"file_ingested","level":"info","message":"Ingested file: test_financial_real.csv (CSV)","service":"fiae","timestamp":"2025-12-16T14:48:08.498Z"}
{"details":{"dpo":0,"dso":0,"netCash":1500,"runway":null,"totalInflows":1500,"totalOutflows":0},"eventType":"calculations_run","level":"info","message":"Calculated metrics","service":"fiae","timestamp":"2025-12-16T14:48:40.390Z"}
{"details":{"filename":"test_financial_real.csv","format":"csv","rowCount":12,"sheetCount":1},"eventType":"file_ingested","level":"info","message":"Ingested file: test_financial_real.csv (CSV)","service":"fiae","timestamp":"2025-12-16T14:48:40.818Z"}
{"details":{"dpo":15,"dso":0,"netCash":-800,"runway":-0.5,"totalInflows":0,"totalOutflows":800},"eventType":"calculations_run","level":"info","message":"Calculated metrics","service":"fiae","timestamp":"2025-12-16T14:48:40.435Z"}
{"details":{"dpo":5,"dso":0,"netCash":800,"runway":0.11111111111111112,"totalInflows":2000,"totalOutflows":1200},"eventType":"calculations_run","level":"info","message":"Calculated metrics","service":"fiae","timestamp":"2025-12-16T14:48:40.437Z"}
{"details":{"dpo":0,"dso":0,"netCash":0,"runway":null,"totalInflows":0,"totalOutflows":0},"eventType":"calculations_run","level":"info","message":"Calculated metrics","service":"fiae","timestamp":"2025-12-16T14:48:40.440Z"}
{"details":{"dpo":0,"dso":0,"netCash":0,"runway":null,"totalInflows":0,"totalOutflows":0},"eventType":"calculations_run","level":"info","message":"Calculated metrics","service":"fiae","timestamp":"2025-12-16T14:48:40.464Z"}
{"details":{"dpo":0,"dso":0,"netCash":0,"runway":null,"totalInflows":0,"totalOutflows":0},"eventType":"calculations_run","level":"info","message":"Calculated metrics","service":"fiae","timestamp":"2025-12-16T14:48:40.467Z"}
{"details":{"filename":"test_financial_real.csv","format":"csv","rowCount":12,"sheetCount":1},"eventType":"file_ingested","level":"info","message":"Ingested file: test_financial_real.csv (CSV)","service":"fiae","timestamp":"2025-12-16T14:48:40.838Z"}
{"details":{"filename":"test_financial_real.csv","format":"csv","rowCount":12,"sheetCount":1},"eventType":"file_ingested","level":"info","message":"Ingested file: test_financial_real.csv (CSV)","service":"fiae","timestamp":"2025-12-16T14:48:40.843Z"}
{"details":{"filename":"test_financial_real.csv","format":"csv","rowCount":12,"sheetCount":1},"eventType":"file_ingested","level":"info","message":"Ingested file: test_financial_real.csv (CSV)","service":"fiae","timestamp":"2025-12-16T14:48:40.865Z"}
{"details":{"filename":"test_financial_real.csv","format":"csv","rowCount":12,"sheetCount":1},"eventType":"file_ingested","level":"info","message":"Ingested file: test_financial_real.csv (CSV)","service":"fiae","timestamp":"2025-12-16T14:48:40.870Z"}
{"details":{"filename":"test_financial_real.csv","format":"csv","rowCount":12,"sheetCount":1},"eventType":"file_ingested","level":"info","message":"Ingested file: test_financial_real.csv (CSV)","service":"fiae","timestamp":"2025-12-16T14:48:40.874Z"}
